<?xml version="1.0" encoding="UTF-8"?>
<!-- Generated by org.testng.reporters.JUnitXMLReporter -->
<testsuite ignored="0" hostname="DESKTOP-OIOR21N" failures="1" tests="5" name="TestNG" time="75.062" errors="0" timestamp="2025-01-08T12:31:47 IST">
  <testcase classname="TestClasses.TC001_UseCaseTest1" name="useCase1" time="19.617"/>
  <testcase classname="TestClasses.TC002_OrangeHRMDDTest" name="orangeHRMDDTest" time="5.422"/>
  <testcase classname="TestClasses.TC002_OrangeHRMDDTest" name="orangeHRMDDTest" time="12.681"/>
  <testcase classname="TestClasses.TC002_OrangeHRMDDTest" name="orangeHRMDDTest" time="12.057"/>
  <testcase classname="TestClasses.TC002_OrangeHRMDDTest" name="orangeHRMDDTest" time="4.167">
    <failure type="junit.framework.AssertionFailedError">
      <![CDATA[junit.framework.AssertionFailedError
at junit.framework.Assert.fail(Assert.java:47)
at junit.framework.Assert.assertTrue(Assert.java:20)
at junit.framework.Assert.assertTrue(Assert.java:27)
at TestClasses.TC002_OrangeHRMDDTest.orangeHRMDDTest(TC002_OrangeHRMDDTest.java:53)
at java.base/java.util.ArrayList.forEach(ArrayList.java:1597)
... Removed 29 stack frames]]>
    </failure>
  </testcase> <!-- orangeHRMDDTest -->
</testsuite> <!-- TestNG -->
