<?xml version="1.0" encoding="UTF-8"?>
<testng-results ignored="0" total="5" passed="4" failed="1" skipped="0">
  <reporter-output>
  </reporter-output>
  <suite started-at="2025-01-06T18:14:15 IST" name="Suite" finished-at="2025-01-06T18:15:18 IST" duration-ms="62313">
    <groups>
    </groups>
    <test started-at="2025-01-06T18:14:15 IST" name="TestNG" finished-at="2025-01-06T18:15:18 IST" duration-ms="62313">
      <class name="TestClasses.TC002_OrangeHRMDDTest">
        <test-method is-config="true" signature="setUp(java.lang.String,java.lang.String)[pri:0, instance:TestClasses.TC002_OrangeHRMDDTest@654d8173]" started-at="2025-01-06T18:14:39 IST" name="setUp" finished-at="2025-01-06T18:14:44 IST" duration-ms="4855" status="PASS">
          <params>
            <param index="0">
              <value>
                <![CDATA[Windows]]>
              </value>
            </param>
            <param index="1">
              <value>
                <![CDATA[chrome]]>
              </value>
            </param>
          </params>
          <reporter-output>
          </reporter-output>
        </test-method> <!-- setUp -->
        <test-method signature="orangeHRMDDTest(java.lang.String,java.lang.String,java.lang.String)[pri:0, instance:TestClasses.TC002_OrangeHRMDDTest@654d8173]" started-at="2025-01-06T18:14:44 IST" name="orangeHRMDDTest" data-provider="LoginData" finished-at="2025-01-06T18:14:49 IST" duration-ms="4616" status="PASS">
          <params>
            <param index="0">
              <value>
                <![CDATA[Admin]]>
              </value>
            </param>
            <param index="1">
              <value>
                <![CDATA[admin123]]>
              </value>
            </param>
            <param index="2">
              <value>
                <![CDATA[Valid]]>
              </value>
            </param>
          </params>
          <reporter-output>
          </reporter-output>
        </test-method> <!-- orangeHRMDDTest -->
        <test-method signature="orangeHRMDDTest(java.lang.String,java.lang.String,java.lang.String)[pri:0, instance:TestClasses.TC002_OrangeHRMDDTest@654d8173]" started-at="2025-01-06T18:14:49 IST" name="orangeHRMDDTest" data-provider="LoginData" finished-at="2025-01-06T18:15:01 IST" duration-ms="11642" status="PASS">
          <params>
            <param index="0">
              <value>
                <![CDATA[Ramesh]]>
              </value>
            </param>
            <param index="1">
              <value>
                <![CDATA[Ram@1234]]>
              </value>
            </param>
            <param index="2">
              <value>
                <![CDATA[Invalid]]>
              </value>
            </param>
          </params>
          <reporter-output>
          </reporter-output>
        </test-method> <!-- orangeHRMDDTest -->
        <test-method signature="orangeHRMDDTest(java.lang.String,java.lang.String,java.lang.String)[pri:0, instance:TestClasses.TC002_OrangeHRMDDTest@654d8173]" started-at="2025-01-06T18:15:01 IST" name="orangeHRMDDTest" data-provider="LoginData" finished-at="2025-01-06T18:15:12 IST" duration-ms="11260" status="PASS">
          <params>
            <param index="0">
              <value>
                <![CDATA[LokeshRaj]]>
              </value>
            </param>
            <param index="1">
              <value>
                <![CDATA[Raj@3245]]>
              </value>
            </param>
            <param index="2">
              <value>
                <![CDATA[Invalid]]>
              </value>
            </param>
          </params>
          <reporter-output>
          </reporter-output>
        </test-method> <!-- orangeHRMDDTest -->
        <test-method signature="orangeHRMDDTest(java.lang.String,java.lang.String,java.lang.String)[pri:0, instance:TestClasses.TC002_OrangeHRMDDTest@654d8173]" started-at="2025-01-06T18:15:12 IST" name="orangeHRMDDTest" data-provider="LoginData" finished-at="2025-01-06T18:15:15 IST" duration-ms="3492" status="FAIL">
          <params>
            <param index="0">
              <value>
                <![CDATA[Admin]]>
              </value>
            </param>
            <param index="1">
              <value>
                <![CDATA[admin123]]>
              </value>
            </param>
            <param index="2">
              <value>
                <![CDATA[Invalid]]>
              </value>
            </param>
          </params>
          <exception class="junit.framework.AssertionFailedError">
            <full-stacktrace>
              <![CDATA[junit.framework.AssertionFailedError
at junit.framework.Assert.fail(Assert.java:47)
at junit.framework.Assert.assertTrue(Assert.java:20)
at junit.framework.Assert.assertTrue(Assert.java:27)
at TestClasses.TC002_OrangeHRMDDTest.orangeHRMDDTest(TC002_OrangeHRMDDTest.java:53)
at java.base/jdk.internal.reflect.DirectMethodHandleAccessor.invoke(DirectMethodHandleAccessor.java:103)
at java.base/java.lang.reflect.Method.invoke(Method.java:580)
at org.testng.internal.invokers.MethodInvocationHelper.invokeMethod(MethodInvocationHelper.java:141)
at org.testng.internal.invokers.TestInvoker.invokeMethod(TestInvoker.java:686)
at org.testng.internal.invokers.TestInvoker.invokeTestMethod(TestInvoker.java:230)
at org.testng.internal.invokers.MethodRunner.runInSequence(MethodRunner.java:63)
at org.testng.internal.invokers.TestInvoker$MethodInvocationAgent.invoke(TestInvoker.java:992)
at org.testng.internal.invokers.TestInvoker.invokeTestMethods(TestInvoker.java:203)
at org.testng.internal.invokers.TestMethodWorker.invokeTestMethods(TestMethodWorker.java:154)
at org.testng.internal.invokers.TestMethodWorker.run(TestMethodWorker.java:134)
at java.base/java.util.ArrayList.forEach(ArrayList.java:1596)
at org.testng.TestRunner.privateRun(TestRunner.java:739)
at org.testng.TestRunner.run(TestRunner.java:614)
at org.testng.SuiteRunner.runTest(SuiteRunner.java:421)
at org.testng.SuiteRunner.runSequentially(SuiteRunner.java:413)
at org.testng.SuiteRunner.privateRun(SuiteRunner.java:373)
at org.testng.SuiteRunner.run(SuiteRunner.java:312)
at org.testng.SuiteRunnerWorker.runSuite(SuiteRunnerWorker.java:52)
at org.testng.SuiteRunnerWorker.run(SuiteRunnerWorker.java:95)
at org.testng.TestNG.runSuitesSequentially(TestNG.java:1274)
at org.testng.TestNG.runSuitesLocally(TestNG.java:1208)
at org.testng.TestNG.runSuites(TestNG.java:1112)
at org.testng.TestNG.run(TestNG.java:1079)
at org.testng.remote.AbstractRemoteTestNG.run(AbstractRemoteTestNG.java:115)
at org.testng.remote.RemoteTestNG.initAndRun(RemoteTestNG.java:293)
at org.testng.remote.RemoteTestNG.main(RemoteTestNG.java:91)
]]>
            </full-stacktrace>
          </exception> <!-- junit.framework.AssertionFailedError -->
          <reporter-output>
          </reporter-output>
        </test-method> <!-- orangeHRMDDTest -->
        <test-method is-config="true" signature="tearDown()[pri:0, instance:TestClasses.TC002_OrangeHRMDDTest@654d8173]" started-at="2025-01-06T18:15:17 IST" name="tearDown" finished-at="2025-01-06T18:15:18 IST" duration-ms="190" status="PASS">
          <reporter-output>
          </reporter-output>
        </test-method> <!-- tearDown -->
      </class> <!-- TestClasses.TC002_OrangeHRMDDTest -->
      <class name="TestClasses.TC001_UseCaseTest1">
        <test-method is-config="true" signature="setUp(java.lang.String,java.lang.String)[pri:0, instance:TestClasses.TC001_UseCaseTest1@1b065145]" started-at="2025-01-06T18:14:16 IST" name="setUp" finished-at="2025-01-06T18:14:24 IST" duration-ms="8219" status="PASS">
          <params>
            <param index="0">
              <value>
                <![CDATA[Windows]]>
              </value>
            </param>
            <param index="1">
              <value>
                <![CDATA[chrome]]>
              </value>
            </param>
          </params>
          <reporter-output>
          </reporter-output>
        </test-method> <!-- setUp -->
        <test-method signature="useCase1()[pri:0, instance:TestClasses.TC001_UseCaseTest1@1b065145]" started-at="2025-01-06T18:14:24 IST" name="useCase1" finished-at="2025-01-06T18:14:39 IST" duration-ms="14909" status="PASS">
          <reporter-output>
          </reporter-output>
        </test-method> <!-- useCase1 -->
        <test-method is-config="true" signature="tearDown()[pri:0, instance:TestClasses.TC001_UseCaseTest1@1b065145]" started-at="2025-01-06T18:14:39 IST" name="tearDown" finished-at="2025-01-06T18:14:39 IST" duration-ms="338" status="PASS">
          <reporter-output>
          </reporter-output>
        </test-method> <!-- tearDown -->
      </class> <!-- TestClasses.TC001_UseCaseTest1 -->
    </test> <!-- TestNG -->
  </suite> <!-- Suite -->
</testng-results>
